<?xml version="1.0" encoding="UTF-8"?>
<testExecutions version="1">
    <file path="/Users/ps2020-01/Documents/GitHub/ParallelScore/lafia-service/src/tests/__tests__/unitTests/codeSystems/codeSystemService.spec.ts">
        <testCase name="Code System Service Unit Test should be defined" duration="7"/>
        <testCase name="Code System Service Unit Test should get code system by type" duration="14"/>
        <testCase name="Code System Service Unit Test should get code system by code system name" duration="2"/>
        <testCase name="Code System Service Unit Test should add new code system" duration="1"/>
    </file>
    <file path="/Users/ps2020-01/Documents/GitHub/ParallelScore/lafia-service/src/tests/__tests__/unitTests/users/userService.spec.ts">
        <testCase name="User Service Unit Test should be defined" duration="35"/>
        <testCase name="User Service Unit Test should create a new user" duration="9"/>
        <testCase name="User Service Unit Test should not create a new user if email is invalid" duration="4"/>
        <testCase name="User Service Unit Test should not create a user if password is less than 6 characters"
                  duration="7"/>
        <testCase name="User Service Unit Test should validate a user " duration="3"/>
        <testCase name="User Service Unit Test should fail validation if user email already exists " duration="2"/>
        <testCase name="User Service Unit Test should fail validation if user phone already exists " duration="2"/>
        <testCase name="User Service Unit Test should get one user" duration="2"/>
        <testCase name="User Service Unit Test should login a user with email" duration="2"/>
        <testCase name="User Service Unit Test should login a user with phone" duration="2"/>
        <testCase name="User Service Unit Test should not login with invalid email" duration="6"/>
        <testCase name="User Service Unit Test should not login with invalid phone" duration="2"/>
        <testCase name="User Service Unit Test should not login with invalid password" duration="3"/>
        <testCase name="User Service Unit Test should log a user out" duration="2"/>
        <testCase name="User Service Unit Test should generate JWT token" duration="4"/>
        <testCase name="User Service Unit Test should throw error generating JWT token if id is not provided"
                  duration="2"/>
        <testCase name="User Service Unit Test should decode JWT token" duration="4"/>
        <testCase name="User Service Unit Test should throw error while decoding JWT token" duration="13"/>
        <testCase name="User Service Unit Test should update user password" duration="2"/>
        <testCase name="User Service Unit Test should not update user password if old password is incorrect"
                  duration="2"/>
        <testCase name="User Service Unit Test should not update user password if password validation fails"
                  duration="2"/>
        <testCase name="User Service Unit Test should not update user password if the user does not exist"
                  duration="1"/>
        <testCase name="User Service Unit Test should not reset user password if an email is not provided"
                  duration="3"/>
        <testCase name="User Service Unit Test should not reset user password if a user with the email does not exist"
                  duration="6"/>
        <testCase
                name="User Service Unit Test should reset user password if an email is provided and a user with the email exist"
                duration="2"/>
        <testCase name="User Service Unit Test should update user" duration="2"/>
        <testCase name="User Service Unit Test should check for existing user and throw error if the user already exist"
                  duration="4"/>
        <testCase
                name="User Service Unit Test should check for existing user and not throw error if the user does not exist already"
                duration="1"/>
    </file>
</testExecutions>
